INFO  11:51:53 Application started. Press Ctrl+C to shut down.
INFO  11:51:54 Application started. Press Ctrl+C to shut down.
INFO  11:51:54 Hosting environment: Development
INFO  11:51:54 Hosting environment: Development
INFO  11:51:54 Content root path: C:\Users\Abhishek Tiwari\source\repos\Selling_Car
INFO  11:51:54 Content root path: C:\Users\Abhishek Tiwari\source\repos\Selling_Car
INFO  11:51:57 Controller of Customers data
INFO  12:46:05 Application started. Press Ctrl+C to shut down.
INFO  12:46:05 Application started. Press Ctrl+C to shut down.
INFO  12:46:05 Hosting environment: Development
INFO  12:46:05 Hosting environment: Development
INFO  12:46:05 Content root path: C:\Users\Abhishek Tiwari\source\repos\Selling_Car
INFO  12:46:05 Content root path: C:\Users\Abhishek Tiwari\source\repos\Selling_Car
INFO  06:45:59 Application started. Press Ctrl+C to shut down.
INFO  06:45:59 Application started. Press Ctrl+C to shut down.
INFO  06:45:59 Hosting environment: Development
INFO  06:45:59 Hosting environment: Development
INFO  06:45:59 Content root path: C:\Users\Abhishek Tiwari\source\repos\Selling_Car
INFO  06:45:59 Content root path: C:\Users\Abhishek Tiwari\source\repos\Selling_Car
ERROR 06:46:00 An unhandled exception has occurred while executing the request.
System.InvalidOperationException: Unable to resolve service for type 'Selling_Car.Repository.ICustomerRepository' while attempting to activate 'Selling_Car.Controllers.CustomersController'.
   at Microsoft.Extensions.DependencyInjection.ActivatorUtilities.GetService(IServiceProvider sp, Type type, Type requiredBy, Boolean isDefaultParameterRequired)
   at lambda_method(Closure , IServiceProvider , Object[] )
   at Microsoft.AspNetCore.Mvc.Controllers.ControllerActivatorProvider.<>c__DisplayClass4_0.<CreateActivator>b__0(ControllerContext controllerContext)
   at Microsoft.AspNetCore.Mvc.Controllers.ControllerFactoryProvider.<>c__DisplayClass5_0.<CreateControllerFactory>g__CreateController|0(ControllerContext controllerContext)
   at Microsoft.AspNetCore.Mvc.Infrastructure.ControllerActionInvoker.Next(State& next, Scope& scope, Object& state, Boolean& isCompleted)
   at Microsoft.AspNetCore.Mvc.Infrastructure.ControllerActionInvoker.InvokeInnerFilterAsync()
--- End of stack trace from previous location where exception was thrown ---
   at Microsoft.AspNetCore.Mvc.Infrastructure.ResourceInvoker.<InvokeFilterPipelineAsync>g__Awaited|19_0(ResourceInvoker invoker, Task lastTask, State next, Scope scope, Object state, Boolean isCompleted)
   at Microsoft.AspNetCore.Mvc.Infrastructure.ResourceInvoker.<InvokeAsync>g__Awaited|17_0(ResourceInvoker invoker, Task task, IDisposable scope)
   at Microsoft.AspNetCore.Routing.EndpointMiddleware.<Invoke>g__AwaitRequestTask|6_0(Endpoint endpoint, Task requestTask, ILogger logger)
   at Microsoft.AspNetCore.Authorization.AuthorizationMiddleware.Invoke(HttpContext context)
   at Microsoft.AspNetCore.Authentication.AuthenticationMiddleware.Invoke(HttpContext context)
   at Microsoft.AspNetCore.Diagnostics.DeveloperExceptionPageMiddleware.Invoke(HttpContext context)
ERROR 06:46:00 An unhandled exception has occurred while executing the request.
System.InvalidOperationException: Unable to resolve service for type 'Selling_Car.Repository.ICustomerRepository' while attempting to activate 'Selling_Car.Controllers.CustomersController'.
   at Microsoft.Extensions.DependencyInjection.ActivatorUtilities.GetService(IServiceProvider sp, Type type, Type requiredBy, Boolean isDefaultParameterRequired)
   at lambda_method(Closure , IServiceProvider , Object[] )
   at Microsoft.AspNetCore.Mvc.Controllers.ControllerActivatorProvider.<>c__DisplayClass4_0.<CreateActivator>b__0(ControllerContext controllerContext)
   at Microsoft.AspNetCore.Mvc.Controllers.ControllerFactoryProvider.<>c__DisplayClass5_0.<CreateControllerFactory>g__CreateController|0(ControllerContext controllerContext)
   at Microsoft.AspNetCore.Mvc.Infrastructure.ControllerActionInvoker.Next(State& next, Scope& scope, Object& state, Boolean& isCompleted)
   at Microsoft.AspNetCore.Mvc.Infrastructure.ControllerActionInvoker.InvokeInnerFilterAsync()
--- End of stack trace from previous location where exception was thrown ---
   at Microsoft.AspNetCore.Mvc.Infrastructure.ResourceInvoker.<InvokeFilterPipelineAsync>g__Awaited|19_0(ResourceInvoker invoker, Task lastTask, State next, Scope scope, Object state, Boolean isCompleted)
   at Microsoft.AspNetCore.Mvc.Infrastructure.ResourceInvoker.<InvokeAsync>g__Awaited|17_0(ResourceInvoker invoker, Task task, IDisposable scope)
   at Microsoft.AspNetCore.Routing.EndpointMiddleware.<Invoke>g__AwaitRequestTask|6_0(Endpoint endpoint, Task requestTask, ILogger logger)
   at Microsoft.AspNetCore.Authorization.AuthorizationMiddleware.Invoke(HttpContext context)
   at Microsoft.AspNetCore.Authentication.AuthenticationMiddleware.Invoke(HttpContext context)
   at Microsoft.AspNetCore.Diagnostics.DeveloperExceptionPageMiddleware.Invoke(HttpContext context)
INFO  06:47:37 Application started. Press Ctrl+C to shut down.
INFO  06:47:37 Application started. Press Ctrl+C to shut down.
INFO  06:47:37 Hosting environment: Development
INFO  06:47:37 Hosting environment: Development
INFO  06:47:37 Content root path: C:\Users\Abhishek Tiwari\source\repos\Selling_Car
INFO  06:47:37 Content root path: C:\Users\Abhishek Tiwari\source\repos\Selling_Car
INFO  06:47:46 Controller of Customers data
INFO  12:48:39 Application started. Press Ctrl+C to shut down.
INFO  12:48:39 Application started. Press Ctrl+C to shut down.
INFO  12:48:39 Hosting environment: Development
INFO  12:48:39 Hosting environment: Development
INFO  12:48:39 Content root path: C:\Users\Abhishek Tiwari\source\repos\Selling_Car
INFO  12:48:39 Content root path: C:\Users\Abhishek Tiwari\source\repos\Selling_Car
INFO  01:04:06 Application started. Press Ctrl+C to shut down.
INFO  01:04:06 Application started. Press Ctrl+C to shut down.
INFO  01:04:06 Hosting environment: Development
INFO  01:04:06 Hosting environment: Development
INFO  01:04:06 Content root path: C:\Users\Abhishek Tiwari\source\repos\Selling_Car
INFO  01:04:06 Content root path: C:\Users\Abhishek Tiwari\source\repos\Selling_Car
INFO  01:10:40 Controller of Customers data
