INFO  12:27:49 Application started. Press Ctrl+C to shut down.
INFO  12:27:49 Application started. Press Ctrl+C to shut down.
INFO  12:27:49 Hosting environment: Development
INFO  12:27:49 Hosting environment: Development
INFO  12:27:49 Content root path: C:\Users\Abhishek Tiwari\source\repos\booking_cars
INFO  12:27:49 Content root path: C:\Users\Abhishek Tiwari\source\repos\booking_cars
INFO  12:27:50 Controller of CarsInfo
INFO  12:29:59 Application started. Press Ctrl+C to shut down.
INFO  12:29:59 Application started. Press Ctrl+C to shut down.
INFO  12:29:59 Hosting environment: Development
INFO  12:29:59 Hosting environment: Development
INFO  12:29:59 Content root path: C:\Users\Abhishek Tiwari\source\repos\booking_cars
INFO  12:29:59 Content root path: C:\Users\Abhishek Tiwari\source\repos\booking_cars
INFO  12:30:02 Controller of CarsInfo
INFO  12:59:00 Application started. Press Ctrl+C to shut down.
INFO  12:59:00 Application started. Press Ctrl+C to shut down.
INFO  12:59:00 Hosting environment: Development
INFO  12:59:00 Hosting environment: Development
INFO  12:59:00 Content root path: C:\Users\Abhishek Tiwari\source\repos\booking_cars
INFO  12:59:00 Content root path: C:\Users\Abhishek Tiwari\source\repos\booking_cars
ERROR 12:59:12 An unhandled exception has occurred while executing the request.
System.InvalidOperationException: Multiple constructors accepting all given argument types have been found in type 'booking_cars.Controllers.CarsInfoesController'. There should only be one applicable constructor.
   at Microsoft.Extensions.DependencyInjection.ActivatorUtilities.TryFindMatchingConstructor(Type instanceType, Type[] argumentTypes, ConstructorInfo& matchingConstructor, Nullable`1[]& parameterMap)
   at Microsoft.Extensions.DependencyInjection.ActivatorUtilities.FindApplicableConstructor(Type instanceType, Type[] argumentTypes, ConstructorInfo& matchingConstructor, Nullable`1[]& parameterMap)
   at Microsoft.Extensions.DependencyInjection.ActivatorUtilities.CreateFactory(Type instanceType, Type[] argumentTypes)
   at Microsoft.AspNetCore.Mvc.Controllers.ControllerActivatorProvider.CreateActivator(ControllerActionDescriptor descriptor)
   at Microsoft.AspNetCore.Mvc.Controllers.ControllerFactoryProvider.CreateControllerFactory(ControllerActionDescriptor descriptor)
   at Microsoft.AspNetCore.Mvc.Infrastructure.ControllerActionInvokerCache.GetCachedResult(ControllerContext controllerContext)
   at Microsoft.AspNetCore.Mvc.Infrastructure.ControllerActionInvokerProvider.OnProvidersExecuting(ActionInvokerProviderContext context)
   at Microsoft.AspNetCore.Mvc.Infrastructure.ActionInvokerFactory.CreateInvoker(ActionContext actionContext)
   at Microsoft.AspNetCore.Mvc.Routing.ActionEndpointFactory.<>c__DisplayClass7_0.<CreateRequestDelegate>b__0(HttpContext context)
   at Microsoft.AspNetCore.Routing.EndpointMiddleware.Invoke(HttpContext httpContext)
--- End of stack trace from previous location where exception was thrown ---
   at Microsoft.AspNetCore.Authorization.AuthorizationMiddleware.Invoke(HttpContext context)
   at Microsoft.AspNetCore.Authentication.AuthenticationMiddleware.Invoke(HttpContext context)
   at Microsoft.AspNetCore.Diagnostics.DeveloperExceptionPageMiddleware.Invoke(HttpContext context)
ERROR 12:59:12 An unhandled exception has occurred while executing the request.
System.InvalidOperationException: Multiple constructors accepting all given argument types have been found in type 'booking_cars.Controllers.CarsInfoesController'. There should only be one applicable constructor.
   at Microsoft.Extensions.DependencyInjection.ActivatorUtilities.TryFindMatchingConstructor(Type instanceType, Type[] argumentTypes, ConstructorInfo& matchingConstructor, Nullable`1[]& parameterMap)
   at Microsoft.Extensions.DependencyInjection.ActivatorUtilities.FindApplicableConstructor(Type instanceType, Type[] argumentTypes, ConstructorInfo& matchingConstructor, Nullable`1[]& parameterMap)
   at Microsoft.Extensions.DependencyInjection.ActivatorUtilities.CreateFactory(Type instanceType, Type[] argumentTypes)
   at Microsoft.AspNetCore.Mvc.Controllers.ControllerActivatorProvider.CreateActivator(ControllerActionDescriptor descriptor)
   at Microsoft.AspNetCore.Mvc.Controllers.ControllerFactoryProvider.CreateControllerFactory(ControllerActionDescriptor descriptor)
   at Microsoft.AspNetCore.Mvc.Infrastructure.ControllerActionInvokerCache.GetCachedResult(ControllerContext controllerContext)
   at Microsoft.AspNetCore.Mvc.Infrastructure.ControllerActionInvokerProvider.OnProvidersExecuting(ActionInvokerProviderContext context)
   at Microsoft.AspNetCore.Mvc.Infrastructure.ActionInvokerFactory.CreateInvoker(ActionContext actionContext)
   at Microsoft.AspNetCore.Mvc.Routing.ActionEndpointFactory.<>c__DisplayClass7_0.<CreateRequestDelegate>b__0(HttpContext context)
   at Microsoft.AspNetCore.Routing.EndpointMiddleware.Invoke(HttpContext httpContext)
--- End of stack trace from previous location where exception was thrown ---
   at Microsoft.AspNetCore.Authorization.AuthorizationMiddleware.Invoke(HttpContext context)
   at Microsoft.AspNetCore.Authentication.AuthenticationMiddleware.Invoke(HttpContext context)
   at Microsoft.AspNetCore.Diagnostics.DeveloperExceptionPageMiddleware.Invoke(HttpContext context)
INFO  01:03:02 Application started. Press Ctrl+C to shut down.
INFO  01:03:02 Application started. Press Ctrl+C to shut down.
INFO  01:03:02 Hosting environment: Development
INFO  01:03:02 Hosting environment: Development
INFO  01:03:02 Content root path: C:\Users\Abhishek Tiwari\source\repos\booking_cars
INFO  01:03:02 Content root path: C:\Users\Abhishek Tiwari\source\repos\booking_cars
ERROR 01:03:03 An unhandled exception has occurred while executing the request.
System.InvalidOperationException: Multiple constructors accepting all given argument types have been found in type 'booking_cars.Controllers.CarsInfoesController'. There should only be one applicable constructor.
   at Microsoft.Extensions.DependencyInjection.ActivatorUtilities.TryFindMatchingConstructor(Type instanceType, Type[] argumentTypes, ConstructorInfo& matchingConstructor, Nullable`1[]& parameterMap)
   at Microsoft.Extensions.DependencyInjection.ActivatorUtilities.FindApplicableConstructor(Type instanceType, Type[] argumentTypes, ConstructorInfo& matchingConstructor, Nullable`1[]& parameterMap)
   at Microsoft.Extensions.DependencyInjection.ActivatorUtilities.CreateFactory(Type instanceType, Type[] argumentTypes)
   at Microsoft.AspNetCore.Mvc.Controllers.ControllerActivatorProvider.CreateActivator(ControllerActionDescriptor descriptor)
   at Microsoft.AspNetCore.Mvc.Controllers.ControllerFactoryProvider.CreateControllerFactory(ControllerActionDescriptor descriptor)
   at Microsoft.AspNetCore.Mvc.Infrastructure.ControllerActionInvokerCache.GetCachedResult(ControllerContext controllerContext)
   at Microsoft.AspNetCore.Mvc.Infrastructure.ControllerActionInvokerProvider.OnProvidersExecuting(ActionInvokerProviderContext context)
   at Microsoft.AspNetCore.Mvc.Infrastructure.ActionInvokerFactory.CreateInvoker(ActionContext actionContext)
   at Microsoft.AspNetCore.Mvc.Routing.ActionEndpointFactory.<>c__DisplayClass7_0.<CreateRequestDelegate>b__0(HttpContext context)
   at Microsoft.AspNetCore.Routing.EndpointMiddleware.Invoke(HttpContext httpContext)
--- End of stack trace from previous location where exception was thrown ---
   at Microsoft.AspNetCore.Authorization.AuthorizationMiddleware.Invoke(HttpContext context)
   at Microsoft.AspNetCore.Authentication.AuthenticationMiddleware.Invoke(HttpContext context)
   at Microsoft.AspNetCore.Routing.EndpointRoutingMiddleware.<Invoke>g__AwaitMatcher|8_0(EndpointRoutingMiddleware middleware, HttpContext httpContext, Task`1 matcherTask)
   at Microsoft.AspNetCore.Diagnostics.DeveloperExceptionPageMiddleware.Invoke(HttpContext context)
ERROR 01:03:03 An unhandled exception has occurred while executing the request.
System.InvalidOperationException: Multiple constructors accepting all given argument types have been found in type 'booking_cars.Controllers.CarsInfoesController'. There should only be one applicable constructor.
   at Microsoft.Extensions.DependencyInjection.ActivatorUtilities.TryFindMatchingConstructor(Type instanceType, Type[] argumentTypes, ConstructorInfo& matchingConstructor, Nullable`1[]& parameterMap)
   at Microsoft.Extensions.DependencyInjection.ActivatorUtilities.FindApplicableConstructor(Type instanceType, Type[] argumentTypes, ConstructorInfo& matchingConstructor, Nullable`1[]& parameterMap)
   at Microsoft.Extensions.DependencyInjection.ActivatorUtilities.CreateFactory(Type instanceType, Type[] argumentTypes)
   at Microsoft.AspNetCore.Mvc.Controllers.ControllerActivatorProvider.CreateActivator(ControllerActionDescriptor descriptor)
   at Microsoft.AspNetCore.Mvc.Controllers.ControllerFactoryProvider.CreateControllerFactory(ControllerActionDescriptor descriptor)
   at Microsoft.AspNetCore.Mvc.Infrastructure.ControllerActionInvokerCache.GetCachedResult(ControllerContext controllerContext)
   at Microsoft.AspNetCore.Mvc.Infrastructure.ControllerActionInvokerProvider.OnProvidersExecuting(ActionInvokerProviderContext context)
   at Microsoft.AspNetCore.Mvc.Infrastructure.ActionInvokerFactory.CreateInvoker(ActionContext actionContext)
   at Microsoft.AspNetCore.Mvc.Routing.ActionEndpointFactory.<>c__DisplayClass7_0.<CreateRequestDelegate>b__0(HttpContext context)
   at Microsoft.AspNetCore.Routing.EndpointMiddleware.Invoke(HttpContext httpContext)
--- End of stack trace from previous location where exception was thrown ---
   at Microsoft.AspNetCore.Authorization.AuthorizationMiddleware.Invoke(HttpContext context)
   at Microsoft.AspNetCore.Authentication.AuthenticationMiddleware.Invoke(HttpContext context)
   at Microsoft.AspNetCore.Routing.EndpointRoutingMiddleware.<Invoke>g__AwaitMatcher|8_0(EndpointRoutingMiddleware middleware, HttpContext httpContext, Task`1 matcherTask)
   at Microsoft.AspNetCore.Diagnostics.DeveloperExceptionPageMiddleware.Invoke(HttpContext context)
INFO  01:03:39 Application started. Press Ctrl+C to shut down.
INFO  01:03:39 Application started. Press Ctrl+C to shut down.
INFO  01:03:39 Hosting environment: Development
INFO  01:03:39 Hosting environment: Development
INFO  01:03:39 Content root path: C:\Users\Abhishek Tiwari\source\repos\booking_cars
INFO  01:03:39 Content root path: C:\Users\Abhishek Tiwari\source\repos\booking_cars
INFO  01:03:45 Controller of CarsInfo
INFO  12:37:06 Application started. Press Ctrl+C to shut down.
INFO  12:37:06 Application started. Press Ctrl+C to shut down.
INFO  12:37:06 Hosting environment: Development
INFO  12:37:06 Hosting environment: Development
INFO  12:37:06 Content root path: C:\Users\Abhishek Tiwari\source\repos\booking_cars
INFO  12:37:06 Content root path: C:\Users\Abhishek Tiwari\source\repos\booking_cars
INFO  08:44:35 Application started. Press Ctrl+C to shut down.
INFO  08:44:35 Application started. Press Ctrl+C to shut down.
INFO  08:44:35 Hosting environment: Development
INFO  08:44:35 Hosting environment: Development
INFO  08:44:35 Content root path: C:\Users\Abhishek Tiwari\source\repos\booking_cars
INFO  08:44:35 Content root path: C:\Users\Abhishek Tiwari\source\repos\booking_cars
INFO  08:44:49 Controller of CarsInfo
INFO  08:45:43 Application started. Press Ctrl+C to shut down.
INFO  08:45:43 Application started. Press Ctrl+C to shut down.
INFO  08:45:43 Hosting environment: Development
INFO  08:45:43 Hosting environment: Development
INFO  08:45:43 Content root path: C:\Users\Abhishek Tiwari\source\repos\booking_cars
INFO  08:45:43 Content root path: C:\Users\Abhishek Tiwari\source\repos\booking_cars
INFO  08:47:19 Controller of CarsInfo
INFO  08:50:39 Controller of CarsInfo
INFO  12:44:11 Application started. Press Ctrl+C to shut down.
INFO  12:44:11 Application started. Press Ctrl+C to shut down.
INFO  12:44:11 Hosting environment: Development
INFO  12:44:11 Hosting environment: Development
INFO  12:44:11 Content root path: C:\Users\Abhishek Tiwari\source\repos\booking_cars
INFO  12:44:11 Content root path: C:\Users\Abhishek Tiwari\source\repos\booking_cars
INFO  12:44:12 Controller of CarsInfo
INFO  12:44:15 Controller of CarsInfo
INFO  12:47:08 Application started. Press Ctrl+C to shut down.
INFO  12:47:08 Application started. Press Ctrl+C to shut down.
INFO  12:47:08 Hosting environment: Development
INFO  12:47:08 Hosting environment: Development
INFO  12:47:08 Content root path: C:\Users\Abhishek Tiwari\source\repos\booking_cars
INFO  12:47:08 Content root path: C:\Users\Abhishek Tiwari\source\repos\booking_cars
INFO  12:47:42 Controller of CarsInfo
INFO  12:53:51 Application started. Press Ctrl+C to shut down.
INFO  12:53:51 Application started. Press Ctrl+C to shut down.
INFO  12:53:51 Hosting environment: Development
INFO  12:53:51 Hosting environment: Development
INFO  12:53:51 Content root path: C:\Users\Abhishek Tiwari\source\repos\booking_cars
INFO  12:53:51 Content root path: C:\Users\Abhishek Tiwari\source\repos\booking_cars
INFO  01:55:23 Application started. Press Ctrl+C to shut down.
INFO  01:55:23 Application started. Press Ctrl+C to shut down.
INFO  01:55:23 Hosting environment: Development
INFO  01:55:23 Hosting environment: Development
INFO  01:55:23 Content root path: C:\Users\Abhishek Tiwari\source\repos\booking_cars
INFO  01:55:23 Content root path: C:\Users\Abhishek Tiwari\source\repos\booking_cars
INFO  01:55:44 Controller of CarsInfo
INFO  12:52:22 Application started. Press Ctrl+C to shut down.
INFO  12:52:22 Application started. Press Ctrl+C to shut down.
INFO  12:52:22 Hosting environment: Development
INFO  12:52:22 Hosting environment: Development
INFO  12:52:22 Content root path: C:\Users\Abhishek Tiwari\source\repos\booking_cars
INFO  12:52:22 Content root path: C:\Users\Abhishek Tiwari\source\repos\booking_cars
INFO  01:01:08 Application started. Press Ctrl+C to shut down.
INFO  01:01:09 Application started. Press Ctrl+C to shut down.
INFO  01:01:09 Hosting environment: Development
INFO  01:01:09 Hosting environment: Development
INFO  01:01:09 Content root path: C:\Users\Abhishek Tiwari\source\repos\booking_cars
INFO  01:01:09 Content root path: C:\Users\Abhishek Tiwari\source\repos\booking_cars
INFO  01:10:12 Application started. Press Ctrl+C to shut down.
INFO  01:10:12 Application started. Press Ctrl+C to shut down.
INFO  01:10:12 Hosting environment: Development
INFO  01:10:12 Hosting environment: Development
INFO  01:10:12 Content root path: C:\Users\Abhishek Tiwari\source\repos\booking_cars
INFO  01:10:12 Content root path: C:\Users\Abhishek Tiwari\source\repos\booking_cars
INFO  01:10:33 Controller of CarsInfo
